 1804  solana-test-validator --reset
 1805  zzz ato
 1806  htop
 1807  code
 1808  cat package.json | grep "mocha"
 1809  zz _node
 1810  solana-test-validator --reset
 1811  zz ato
 1812  anchor test --skip-local-validator
 1813  ll
 1814  ll ATO*
 1815  rm ATO*
 1816  rm ATO-Slides-présentation.pdf 
 1817  ll
 1818  rm logoAto.png 
 1819  ll
 1820  rm Slides\ présentation.pptx 
 1821  zz summer
 1822  zz learn
 1823  mkdir solana_summer_fellowship
 1824  ll
 1825  cd solana_summer_fellowship/
 1826  ll
 1827  mkdir exo-s1
 1828  ll
 1829  cd exo-s1/
 1830  ll
 1831  bun
 1832  sudo snap install bun-js
 1833  ll
 1834  bun init
 1835  ll
 1836  cd ..
 1837  ll
 1838  cd solana_summer_fellowship/
 1839  ll
 1840  cd exo-s1/
 1841  bun init
 1842  cd ..
 1843  ll
 1844  mv exo-s1/ exo_s1
 1845  ll
 1846  cd exo_s1/
 1847  bun init
 1848  sudo sna remove bun-js
 1849  sudo snap remove bun-js
 1850  curl -fsSL https://bun.sh/install 
 1851  curl -fsSL https://bun.sh/install | bash 
 1852  [200~source /home/franck/.bashrc 
 1853  source /home/franck/.bashrc 
 1854  bun --help
 1855  ll
 1856  history 
 1857  ll
 1858  bun init
 1859  code .
 1860  bun run index.ts 
 1861  bun install @solana/web3.js
 1862  ll
 1863  batcat index.ts 
 1864  code .
 1865  bun run index.ts 
 1866  solana config get
 1867  bun run index.ts 
 1868  code
 1869  zz _node
 1870  solana-test-validator --reset
 1871  zz s1
 1872  cat index.ts 
 1873  code .
 1874  bun run index.ts 
 1875  npm run rebuild
 1876  npm run
 1877  bun run index.ts 
 1878  npm rebuild
 1879  bun run index.ts 
 1880  ll
 1881  history > history.log
 1882  bun run index.ts 
 1883  ll
 1884  rm Marvels.Jessica.Jones.S03.E01-E13.MULTi.1080p.NF.WEB-DL.DDP5.1.Atmos.x264-ARK01.zip 
 1885  rm -rf Marvels.Jessica.Jones.S03.E01-E13.MULTi.1080p.NF.WEB-DL.DDP5.1.Atmos.x264-ARK01/
 1886  ll
 1887  rm ottersnapshot_2ALTVFGUJXMZRUTL_1721753417_SHARED_snapshot.png 
 1888  ll
 1889  rm auto-stg-backup-2024-07-1*.json
 1890  cd ..
 1891  zz s1
 1892  code .
 1893  bun run cli.js 
 1894  bun run cli.js greet --name alice
 1895  bun run cli.js greet --name bob
 1896  bun run cli.js greet --name alice
 1897  bun run cli.js farewell --name alice
 1898  bun run cli.js wallet --name alice
 1899  bun run cli.js wallet --name bob
 1900  bun run cli.ts wallet --name bob
 1901  bun run cli.js wallet --name bob
 1902  bun run cli.ts wallet --name alice
 1903  ll
 1904  batcat alice.wallet.json 
 1905  bun run cli.ts wallet --name alice
 1906  batcat alice.wallet.json 
 1907  bun run cli.ts balance --name alice
 1908  bun run cli.ts balance --name bob
 1909  ll
 1910  bun run cli.ts balance --name alice
 1911  batcat alice.wallet.json 
 1912  bun run cli.ts balance --name alice
 1913  bun run cli.ts airdrop --name alice
 1914  bun run cli.ts balance --name alice
 1915  bun run cli.ts airdrop --name alice
 1916  bun run cli.ts balance --name alice
 1917  bun run cli.ts airdrop --name alice
 1918  bun run cli.ts balance --name alice
 1919  bun run cli.ts a2 --name alice --amount 3
 1920  bun run cli.ts balance --name alice
 1921  bun run cli.ts airdrop --name alice --amount 2
 1922  bun run cli.ts balance --name alice
 1923  bun run cli.ts transfer --name alice
 1924  bun run cli.ts transfer --from alice --to bob --amount
 1925  bun run cli.ts transfer --from alice --to bob --amount 1
 1926  bun run cli.ts wallet --name bob
 1927  ll
 1928  bun run cli.ts balance --name bob
 1929  bun run cli.ts balance --name alice
 1930  bun run cli.ts transfer --from alice --to bob --amount 1
 1931  cat alice.wallet.json 
 1932  cat bob.wallet.json 
 1933  bun run cli.ts balance --name alice
 1934  bun run cli.ts balance --name bob
 1935  bun run cli.ts transfer --from alice --to bob --amount 1
 1936  bun run cli.ts balance --name bob
 1937  bun run cli.ts balance --name alice
 1938  bun run cli.ts transfer --from alice --to bob --amount 1
 1939  bun run cli.ts balance --name alice
 1940  bun run cli.ts balance --name bob
 1941  bun run cli.ts balance --name alice
 1942  zz _node
 1943  solvalr
 1944  zz s1
 1945  bak "1st commit"
 1946  git remote add origin https://github.com/Laugharne/ssf_s1_exo.git
 1947  zz s1
 1948  git remote add origin https://github.com/Laugharne/ssf_s1_exo.git
 1949  git branch -M main
 1950  git push -u origin main
 1951  git init
 1952  git status 
 1953  tig
 1954  bak "1st commit"
 1955  tre
 1956  zz s1
 1957  tre
 1958  rm backup/2024-07-25\ -\ 16-24\ -\ exo_s1.backup.zip 
 1959  tre
 1960  bak "1st commit"
 1961  tig
 1962  git remote add origin https://github.com/Laugharne/ssf_s1_exo.git
 1963  git branch -M main
 1964  git push -u origin main
 1965  zzz s1
 1966  ll
 1967  bun run balance --name alice
 1968  bun run cli.ts balance --name alice
 1969  bun run cli.ts balance --name bob
 1970  ll *.json
 1971  bun run cli.ts airdrop --name alice
 1972  bun run balance --name alice
 1973  bun run cli.ts balance --name alice
 1974  ll
 1975  rm *.wallet.json
 1976  ll
 1977  bun run cli.ts wallet --name alice
 1978  bun run cli.ts wallet --name bob
 1979  ls *.wallet.json
 1980  ls -l *.wallet.json
 1981  ls -1 *.wallet.json
 1982  bun run cli.ts balance --name bob
 1983  bun run cli.ts balance --name alice
 1984  bun run cli.ts airdrop --name alice --amount 3
 1985  bun run cli.ts balance --name alice
 1986  bun run cli.ts transfer --from alice --to bob --amount 1
 1987  bun run cli.ts balance --name alice
 1988  bun run cli.ts balance --name bob
 1989  tree --gitignore
 1990  bak "Code cleaning and add some contents on README file..."
 1991  gitpush
 1992  ll
 1993  zz s1
 1994  ll backup/
 1995  rm backup/2024-07-25\ -\ 16-25\ -\ exo_s1\ -\ eea1e61.backup.zip 
 1996  rm backup/2024-07-25\ -\ 16-26\ -\ exo_s1\ -\ ec1f4b8.backup.zip 
 1997  cd ..
 1998  bak ""Fix typo"
 1999  bak "Fix typo"
 2000  zz s1
 2001  bak "Fix typo"
 2002  gitpush
 2003  bak "Add image"
